<?xml version="1.0" encoding="UTF-8"?>
<robot generator="Robot 4.1.3 (Python 3.10.2 on win32)" generated="20220608 12:51:34.140" rpa="false" schemaversion="2">
<suite id="s1" name="SmokeTest" source="C:\Users\john carlo\git\SmokeTest\SmokeTest">
<suite id="s1-s1" name="WPSmokeTest" source="C:\Users\john carlo\git\SmokeTest\SmokeTest\WPSmokeTest">
<suite id="s1-s1-s1" name="WPPurchase" source="C:\Users\john carlo\git\SmokeTest\SmokeTest\WPSmokeTest\WPPurchase.robot">
<test id="s1-s1-s1-t1" name="WP Retail Purchase">
<kw name="Open Browser" library="SeleniumLibrary">
<arg>${LOGIN URL}</arg>
<arg>${Browser}</arg>
<doc>Opens a new browser instance to the optional ``url``.</doc>
<msg timestamp="20220608 12:51:34.530" level="INFO">Opening browser 'chrome' to base url 'https://portal.qnet.net/'.</msg>
<status status="PASS" starttime="20220608 12:51:34.529" endtime="20220608 12:51:38.702"/>
</kw>
<kw name="Maximize Browser Window" library="SeleniumLibrary">
<doc>Maximizes current browser window.</doc>
<status status="PASS" starttime="20220608 12:51:38.702" endtime="20220608 12:51:38.833"/>
</kw>
<kw name="Input Text" library="SeleniumLibrary">
<arg>id=ctl00_ContentPlaceHolder1_txtTCO</arg>
<arg>${RetailID}</arg>
<doc>Types the given ``text`` into the text field identified by ``locator``.</doc>
<msg timestamp="20220608 12:51:38.833" level="INFO">Typing text 'CU245925' into text field 'id=ctl00_ContentPlaceHolder1_txtTCO'.</msg>
<status status="PASS" starttime="20220608 12:51:38.833" endtime="20220608 12:51:38.942"/>
</kw>
<kw name="Input Text" library="SeleniumLibrary">
<arg>id=ctl00_ContentPlaceHolder1_txtPassword</arg>
<arg>${RetailPass}</arg>
<doc>Types the given ``text`` into the text field identified by ``locator``.</doc>
<msg timestamp="20220608 12:51:38.944" level="INFO">Typing text 'T@stpw120' into text field 'id=ctl00_ContentPlaceHolder1_txtPassword'.</msg>
<status status="PASS" starttime="20220608 12:51:38.943" endtime="20220608 12:51:39.038"/>
</kw>
<kw name="Click Button" library="SeleniumLibrary">
<arg>id=ctl00_ContentPlaceHolder1_btnLogin</arg>
<doc>Clicks the button identified by ``locator``.</doc>
<msg timestamp="20220608 12:51:39.040" level="INFO">Clicking button 'id=ctl00_ContentPlaceHolder1_btnLogin'.</msg>
<status status="PASS" starttime="20220608 12:51:39.039" endtime="20220608 12:51:45.143"/>
</kw>
<kw name="Wait Until Element Is Visible" library="SeleniumLibrary">
<arg>id=ctl00_TabMenu1_lbnShopNow</arg>
<doc>Waits until the element ``locator`` is visible.</doc>
<status status="PASS" starttime="20220608 12:51:45.143" endtime="20220608 12:51:45.168"/>
</kw>
<kw name="Click Element" library="SeleniumLibrary">
<arg>//a[@id='ctl00_TabMenu1_lbnShopNow']</arg>
<doc>Click the element identified by ``locator``.</doc>
<msg timestamp="20220608 12:51:45.169" level="INFO">Clicking element '//a[@id='ctl00_TabMenu1_lbnShopNow']'.</msg>
<status status="PASS" starttime="20220608 12:51:45.169" endtime="20220608 12:51:47.703"/>
</kw>
<kw name="Switch Window" library="SeleniumLibrary">
<arg>locator=NEW</arg>
<doc>Switches to browser window matching ``locator``.</doc>
<status status="PASS" starttime="20220608 12:51:47.703" endtime="20220608 12:51:47.714"/>
</kw>
<kw name="Sleep" library="BuiltIn">
<arg>10</arg>
<doc>Pauses the test executed for the given time.</doc>
<msg timestamp="20220608 12:51:57.717" level="INFO">Slept 10 seconds</msg>
<status status="PASS" starttime="20220608 12:51:47.714" endtime="20220608 12:51:57.717"/>
</kw>
<kw name="Click Element" library="SeleniumLibrary">
<arg>//button[@id='btnConfirm']</arg>
<doc>Click the element identified by ``locator``.</doc>
<msg timestamp="20220608 12:51:57.720" level="INFO">Clicking element '//button[@id='btnConfirm']'.</msg>
<status status="PASS" starttime="20220608 12:51:57.718" endtime="20220608 12:51:57.836"/>
</kw>
<kw name="Click Element" library="SeleniumLibrary">
<arg>//a[@href='products.aspx?Category=5150000']</arg>
<doc>Click the element identified by ``locator``.</doc>
<msg timestamp="20220608 12:51:57.837" level="INFO">Clicking element '//a[@href='products.aspx?Category=5150000']'.</msg>
<status status="PASS" starttime="20220608 12:51:57.837" endtime="20220608 12:52:07.296"/>
</kw>
<kw name="Capture Page Screenshot" library="SeleniumLibrary">
<doc>Takes a screenshot of the current page and embeds it into a log file.</doc>
<msg timestamp="20220608 12:52:07.516" level="INFO" html="true">&lt;/td&gt;&lt;/tr&gt;&lt;tr&gt;&lt;td colspan="3"&gt;&lt;a href="selenium-screenshot-13.png"&gt;&lt;img src="selenium-screenshot-13.png" width="800px"&gt;&lt;/a&gt;</msg>
<status status="PASS" starttime="20220608 12:52:07.297" endtime="20220608 12:52:07.517"/>
</kw>
<kw name="Close All Browsers" library="SeleniumLibrary" type="TEARDOWN">
<doc>Closes all open browsers and resets the browser cache.</doc>
<status status="PASS" starttime="20220608 12:52:07.517" endtime="20220608 12:52:09.823"/>
</kw>
<status status="PASS" starttime="20220608 12:51:34.529" endtime="20220608 12:52:09.823"/>
</test>
<status status="PASS" starttime="20220608 12:51:34.211" endtime="20220608 12:52:09.824"/>
</suite>
<status status="PASS" starttime="20220608 12:51:34.208" endtime="20220608 12:52:09.826"/>
</suite>
<status status="PASS" starttime="20220608 12:51:34.186" endtime="20220608 12:52:09.827"/>
</suite>
<statistics>
<total>
<stat pass="1" fail="0" skip="0">All Tests</stat>
</total>
<tag>
</tag>
<suite>
<stat pass="1" fail="0" skip="0" id="s1" name="SmokeTest">SmokeTest</stat>
<stat pass="1" fail="0" skip="0" id="s1-s1" name="WPSmokeTest">SmokeTest.WPSmokeTest</stat>
<stat pass="1" fail="0" skip="0" id="s1-s1-s1" name="WPPurchase">SmokeTest.WPSmokeTest.WPPurchase</stat>
</suite>
</statistics>
<errors>
</errors>
</robot>
