<?xml version="1.0" encoding="UTF-8"?>
<robot generator="Robot 4.1.3 (Python 3.10.2 on win32)" generated="20220608 10:28:54.158" rpa="false" schemaversion="2">
<suite id="s1" name="SmokeTest" source="C:\Users\john carlo\OneDrive\Desktop\eclipse\RobotFramework\SmokeTest">
<suite id="s1-s1" name="WP Smoke Test" source="C:\Users\john carlo\OneDrive\Desktop\eclipse\RobotFramework\SmokeTest\WP Smoke Test">
<suite id="s1-s1-s1" name="WP Purchase" source="C:\Users\john carlo\OneDrive\Desktop\eclipse\RobotFramework\SmokeTest\WP Smoke Test\WP Purchase.robot">
<test id="s1-s1-s1-t1" name="WP IR Purchase">
<kw name="Open Browser" library="SeleniumLibrary">
<arg>${LOGIN URL}</arg>
<arg>${Browser}</arg>
<doc>Opens a new browser instance to the optional ``url``.</doc>
<msg timestamp="20220608 10:28:54.661" level="INFO">Opening browser 'chrome' to base url 'https://portal.qnet.net/'.</msg>
<status status="PASS" starttime="20220608 10:28:54.661" endtime="20220608 10:29:00.131"/>
</kw>
<kw name="Maximize Browser Window" library="SeleniumLibrary">
<doc>Maximizes current browser window.</doc>
<status status="PASS" starttime="20220608 10:29:00.131" endtime="20220608 10:29:00.263"/>
</kw>
<kw name="Input Text" library="SeleniumLibrary">
<arg>id=ctl00_ContentPlaceHolder1_txtTCO</arg>
<arg>${IRID}</arg>
<doc>Types the given ``text`` into the text field identified by ``locator``.</doc>
<msg timestamp="20220608 10:29:00.264" level="INFO">Typing text 'HZ105891' into text field 'id=ctl00_ContentPlaceHolder1_txtTCO'.</msg>
<status status="PASS" starttime="20220608 10:29:00.263" endtime="20220608 10:29:00.374"/>
</kw>
<kw name="Input Text" library="SeleniumLibrary">
<arg>id=ctl00_ContentPlaceHolder1_txtPassword</arg>
<arg>${Password}</arg>
<doc>Types the given ``text`` into the text field identified by ``locator``.</doc>
<msg timestamp="20220608 10:29:00.376" level="INFO">Typing text 'testpw' into text field 'id=ctl00_ContentPlaceHolder1_txtPassword'.</msg>
<status status="PASS" starttime="20220608 10:29:00.375" endtime="20220608 10:29:00.476"/>
</kw>
<kw name="Click Button" library="SeleniumLibrary">
<arg>id=ctl00_ContentPlaceHolder1_btnLogin</arg>
<doc>Clicks the button identified by ``locator``.</doc>
<msg timestamp="20220608 10:29:00.477" level="INFO">Clicking button 'id=ctl00_ContentPlaceHolder1_btnLogin'.</msg>
<status status="PASS" starttime="20220608 10:29:00.477" endtime="20220608 10:29:07.968"/>
</kw>
<kw name="Wait Until Element Is Visible" library="SeleniumLibrary">
<arg>id=ctl00_TabMenu1_lbnShopNow</arg>
<doc>Waits until the element ``locator`` is visible.</doc>
<status status="PASS" starttime="20220608 10:29:07.969" endtime="20220608 10:29:08.000"/>
</kw>
<kw name="Click Element" library="SeleniumLibrary">
<arg>//a[@id='ctl00_TabMenu1_lbnShopNow']</arg>
<doc>Click the element identified by ``locator``.</doc>
<msg timestamp="20220608 10:29:08.001" level="INFO">Clicking element '//a[@id='ctl00_TabMenu1_lbnShopNow']'.</msg>
<status status="PASS" starttime="20220608 10:29:08.001" endtime="20220608 10:29:11.136"/>
</kw>
<kw name="Switch Window" library="SeleniumLibrary">
<arg>locator=NEW</arg>
<doc>Switches to browser window matching ``locator``.</doc>
<status status="PASS" starttime="20220608 10:29:11.137" endtime="20220608 10:29:11.148"/>
</kw>
<kw name="Sleep" library="BuiltIn">
<arg>10</arg>
<doc>Pauses the test executed for the given time.</doc>
<msg timestamp="20220608 10:29:21.155" level="INFO">Slept 10 seconds</msg>
<status status="PASS" starttime="20220608 10:29:11.149" endtime="20220608 10:29:21.156"/>
</kw>
<kw name="Click Element" library="SeleniumLibrary">
<arg>//button[@id='btnConfirm']</arg>
<doc>Click the element identified by ``locator``.</doc>
<msg timestamp="20220608 10:29:21.158" level="INFO">Clicking element '//button[@id='btnConfirm']'.</msg>
<status status="PASS" starttime="20220608 10:29:21.156" endtime="20220608 10:29:21.307"/>
</kw>
<kw name="Click Element" library="SeleniumLibrary">
<arg>//a[@href='products.aspx?Category=5150000']</arg>
<doc>Click the element identified by ``locator``.</doc>
<msg timestamp="20220608 10:29:21.308" level="INFO">Clicking element '//a[@href='products.aspx?Category=5150000']'.</msg>
<status status="PASS" starttime="20220608 10:29:21.308" endtime="20220608 10:29:31.113"/>
</kw>
<kw name="Click Element" library="SeleniumLibrary">
<arg>//input[@name='ctl00$cphBody01$dtListMainProductList$ctl01$dtlistProduct$ctl07$cbAddToCart']</arg>
<doc>Click the element identified by ``locator``.</doc>
<msg timestamp="20220608 10:29:31.115" level="INFO">Clicking element '//input[@name='ctl00$cphBody01$dtListMainProductList$ctl01$dtlistProduct$ctl07$cbAddToCart']'.</msg>
<status status="PASS" starttime="20220608 10:29:31.114" endtime="20220608 10:29:31.191"/>
</kw>
<kw name="Click Element" library="SeleniumLibrary">
<arg>id=btnAddToCartMerged</arg>
<doc>Click the element identified by ``locator``.</doc>
<msg timestamp="20220608 10:29:31.192" level="INFO">Clicking element 'id=btnAddToCartMerged'.</msg>
<status status="PASS" starttime="20220608 10:29:31.192" endtime="20220608 10:29:35.345"/>
</kw>
<kw name="Click Element" library="SeleniumLibrary">
<arg>id=chkAgree</arg>
<doc>Click the element identified by ``locator``.</doc>
<msg timestamp="20220608 10:29:35.347" level="INFO">Clicking element 'id=chkAgree'.</msg>
<status status="PASS" starttime="20220608 10:29:35.345" endtime="20220608 10:29:35.396"/>
</kw>
<kw name="Wait Until Page Does Not Contain Element" library="SeleniumLibrary">
<arg>//input[@disabled]</arg>
<doc>Waits until the element ``locator`` disappears from the current page.</doc>
<status status="PASS" starttime="20220608 10:29:35.396" endtime="20220608 10:29:36.062"/>
</kw>
<kw name="Click Element" library="SeleniumLibrary">
<arg>id=cmdConfirm</arg>
<doc>Click the element identified by ``locator``.</doc>
<msg timestamp="20220608 10:29:36.064" level="INFO">Clicking element 'id=cmdConfirm'.</msg>
<status status="PASS" starttime="20220608 10:29:36.063" endtime="20220608 10:29:39.016"/>
</kw>
<kw name="Click Element" library="SeleniumLibrary">
<arg>id=cmdOK</arg>
<doc>Click the element identified by ``locator``.</doc>
<msg timestamp="20220608 10:29:39.018" level="INFO">Clicking element 'id=cmdOK'.</msg>
<status status="PASS" starttime="20220608 10:29:39.017" endtime="20220608 10:29:41.348"/>
</kw>
<kw name="Click Element" library="SeleniumLibrary">
<arg>id=btnPlaceBank</arg>
<doc>Click the element identified by ``locator``.</doc>
<msg timestamp="20220608 10:29:41.350" level="INFO">Clicking element 'id=btnPlaceBank'.</msg>
<status status="PASS" starttime="20220608 10:29:41.349" endtime="20220608 10:29:48.839"/>
</kw>
<kw name="Click Element" library="SeleniumLibrary">
<arg>id=dlPaymentModeButton_ctl01_ibtnPaymentModeButtonItem</arg>
<doc>Click the element identified by ``locator``.</doc>
<msg timestamp="20220608 10:29:48.841" level="INFO">Clicking element 'id=dlPaymentModeButton_ctl01_ibtnPaymentModeButtonItem'.</msg>
<status status="PASS" starttime="20220608 10:29:48.840" endtime="20220608 10:29:50.217"/>
</kw>
<kw name="Input Text" library="SeleniumLibrary">
<arg>id=dgGrid_ctl02_txtECardNo</arg>
<arg>${eCardsNo}</arg>
<doc>Types the given ``text`` into the text field identified by ``locator``.</doc>
<msg timestamp="20220608 10:29:50.219" level="INFO">Typing text 'TESTING1234567' into text field 'id=dgGrid_ctl02_txtECardNo'.</msg>
<status status="PASS" starttime="20220608 10:29:50.218" endtime="20220608 10:29:50.323"/>
</kw>
<kw name="Input Text" library="SeleniumLibrary">
<arg>id=dgGrid_ctl02_txtECardPin</arg>
<arg>${eCardsPin}</arg>
<doc>Types the given ``text`` into the text field identified by ``locator``.</doc>
<msg timestamp="20220608 10:29:50.323" level="INFO">Typing text 'PRDECT' into text field 'id=dgGrid_ctl02_txtECardPin'.</msg>
<status status="PASS" starttime="20220608 10:29:50.323" endtime="20220608 10:29:50.421"/>
</kw>
<kw name="Click Element" library="SeleniumLibrary">
<arg>id=dgGrid_ctl02_cmdValidate</arg>
<doc>Click the element identified by ``locator``.</doc>
<msg timestamp="20220608 10:29:50.422" level="INFO">Clicking element 'id=dgGrid_ctl02_cmdValidate'.</msg>
<status status="PASS" starttime="20220608 10:29:50.421" endtime="20220608 10:29:51.385"/>
</kw>
<kw name="Click Element" library="SeleniumLibrary">
<arg>id=cmdOK</arg>
<doc>Click the element identified by ``locator``.</doc>
<msg timestamp="20220608 10:29:51.388" level="INFO">Clicking element 'id=cmdOK'.</msg>
<status status="PASS" starttime="20220608 10:29:51.386" endtime="20220608 10:29:57.704"/>
</kw>
<kw name="Wait Until Page Contains Element" library="SeleniumLibrary">
<arg>id=imgLogo</arg>
<doc>Waits until the element ``locator`` appears on the current page.</doc>
<status status="PASS" starttime="20220608 10:29:57.704" endtime="20220608 10:29:57.718"/>
</kw>
<kw name="Capture Page Screenshot" library="SeleniumLibrary">
<doc>Takes a screenshot of the current page and embeds it into a log file.</doc>
<msg timestamp="20220608 10:29:57.842" level="INFO" html="true">&lt;/td&gt;&lt;/tr&gt;&lt;tr&gt;&lt;td colspan="3"&gt;&lt;a href="selenium-screenshot-9.png"&gt;&lt;img src="selenium-screenshot-9.png" width="800px"&gt;&lt;/a&gt;</msg>
<status status="PASS" starttime="20220608 10:29:57.718" endtime="20220608 10:29:57.842"/>
</kw>
<status status="PASS" starttime="20220608 10:28:54.659" endtime="20220608 10:29:57.843"/>
</test>
<status status="PASS" starttime="20220608 10:28:54.288" endtime="20220608 10:29:57.844"/>
</suite>
<status status="PASS" starttime="20220608 10:28:54.283" endtime="20220608 10:29:57.846"/>
</suite>
<status status="PASS" starttime="20220608 10:28:54.258" endtime="20220608 10:29:57.848"/>
</suite>
<statistics>
<total>
<stat pass="1" fail="0" skip="0">All Tests</stat>
</total>
<tag>
</tag>
<suite>
<stat pass="1" fail="0" skip="0" id="s1" name="SmokeTest">SmokeTest</stat>
<stat pass="1" fail="0" skip="0" id="s1-s1" name="WP Smoke Test">SmokeTest.WP Smoke Test</stat>
<stat pass="1" fail="0" skip="0" id="s1-s1-s1" name="WP Purchase">SmokeTest.WP Smoke Test.WP Purchase</stat>
</suite>
</statistics>
<errors>
</errors>
</robot>
